[2017-03-13 14:46:45,749] [vautils] [INFO] False
[2017-03-13 14:46:45,749] [vautils] [INFO] +++++++++++++++++++++++++++++++++++++++++++++++
[2017-03-13 14:46:45,750] [vautils] [INFO] {'move_core': 'N', 'move_log': 'y', 'cleanup_tb': 'Y', 'restore_dut_cfg': 'Y', 'log_level': 'N', 'check_core': 'Y', 'upgrade_device': 'Y', 'setup_tb': 'Y', 'cleanup_dut_cfg': 'Y'}
[2017-03-13 14:46:46,195] [access] [INFO] [dir_1] 
[2017-03-13 14:46:46,195] [access] [INFO] [dir_1] Build: 3.1.0-2017-02-09-15-53-38-eng-ep-builtbot
[2017-03-13 14:46:46,195] [access] [INFO] [dir_1] 
[2017-03-13 14:46:46,196] [access] [INFO] [dir_1] Welcome to vArmour!
[2017-03-13 14:46:46,196] [access] [INFO] [dir_1] Trying to connect to vArmour Management server ..'console': unknown terminal type.
[2017-03-13 14:46:46,196] [access] [INFO] [dir_1] ### VAOS 3.1.0-2017-02-09-15-53-38-eng-builtbot
[2017-03-13 14:46:46,196] [access] [INFO] [dir_1] 
[2017-03-13 14:46:46,197] [access] [INFO] [dir_1]  Checking management server status..... 
[2017-03-13 14:46:46,197] [access] [INFO] [dir_1] varmour@vArmour#ROOT(M)> 
[2017-03-13 14:46:46,197] [access] [INFO] [dir_1] The configuration has been installed.
[2017-03-13 14:46:46,197] [access] [INFO] [dir_1] Connecting to the management console
[2017-03-13 14:46:46,198] [access] [INFO] [dir_1] Warning: The device is configured with the default password.  Please change
[2017-03-13 14:46:46,198] [access] [INFO] [dir_1]          the default password to prevent unauthorized logins.
[2017-03-13 14:46:46,198] [access] [INFO] [dir_1] 
[2017-03-13 14:46:46,198] [access] [INFO] [dir_1] 
[2017-03-13 14:46:46,199] [access] [INFO] [dir_1] 
[2017-03-13 14:46:46,199] [access] [INFO] [dir_1] HA sync stage. Do show high-availability to see HA status.
[2017-03-13 14:46:46,199] [access] [INFO] [dir_1] 
[2017-03-13 14:46:46,199] [access] [INFO] [dir_1] varmour@vArmour#ROOT(M)> 
[2017-03-13 14:46:46,203] [access] [INFO] [dir_1] 
[2017-03-13 14:46:46,203] [access] [INFO] [dir_1] varmour@vArmour#ROOT(M)> 
[2017-03-13 14:46:46,203] [feature] [INFO] cli initiated
[2017-03-13 14:46:46,203] [feature] [INFO] request cli terminal-length 0
[2017-03-13 14:46:46,220] [access] [INFO] [dir_1] request cli terminal-length 0
[2017-03-13 14:46:46,220] [access] [INFO] [dir_1] varmour@vArmour#ROOT(M)> 
[2017-03-13 14:46:46,222] [access] [INFO] [dir_1] 
[2017-03-13 14:46:46,223] [access] [INFO] [dir_1] varmour@vArmour#ROOT(M)> 
[2017-03-13 14:46:46,225] [access] [INFO] [dir_1] configure
[2017-03-13 14:46:46,225] [access] [INFO] [dir_1] varmour@vArmour#ROOT(config)(M)> 
[2017-03-13 14:46:46,226] [feature] [INFO] set system inactivity-timeout 250
[2017-03-13 14:46:46,230] [access] [INFO] [dir_1] set system inactivity-timeout 250
[2017-03-13 14:46:46,230] [access] [INFO] [dir_1] varmour@vArmour#ROOT(config)(M)> 
[2017-03-13 14:46:46,232] [access] [INFO] [dir_1] 
[2017-03-13 14:46:46,232] [access] [INFO] [dir_1] varmour@vArmour#ROOT(config)(M)> 
[2017-03-13 14:46:46,324] [access] [INFO] [dir_1] commit
[2017-03-13 14:46:46,325] [access] [INFO] [dir_1] varmour@vArmour#ROOT(config)(M)> 
[2017-03-13 14:46:46,325] [feature] [INFO] config commit succeeded
[2017-03-13 14:46:46,328] [access] [INFO] [dir_1] 
[2017-03-13 14:46:46,328] [access] [INFO] [dir_1] varmour@vArmour#ROOT(config)(M)> 
[2017-03-13 14:46:46,332] [access] [INFO] [dir_1] exit
[2017-03-13 14:46:46,332] [access] [INFO] [dir_1] varmour@vArmour#ROOT(M)> 
[2017-03-13 14:46:46,727] [access] [INFO] [dir_2] 
[2017-03-13 14:46:46,727] [access] [INFO] [dir_2] Build: 3.1.0-2017-02-09-15-53-38-eng-ep-builtbot
[2017-03-13 14:46:46,728] [access] [INFO] [dir_2] 
[2017-03-13 14:46:46,728] [access] [INFO] [dir_2] Welcome to vArmour!
[2017-03-13 14:46:46,728] [access] [INFO] [dir_2] Trying to connect to vArmour Management server ..'console': unknown terminal type.
[2017-03-13 14:46:46,728] [access] [INFO] [dir_2] ### VAOS 3.1.0-2017-02-09-15-53-38-eng-builtbot
[2017-03-13 14:46:46,729] [access] [INFO] [dir_2] 
[2017-03-13 14:46:46,729] [access] [INFO] [dir_2]  Checking management server status..... 
[2017-03-13 14:46:46,729] [access] [INFO] [dir_2] varmour@vArmour#ROOT(PB)> 
[2017-03-13 14:46:46,729] [access] [INFO] [dir_2] The configuration has been installed.
[2017-03-13 14:46:46,730] [access] [INFO] [dir_2] Connecting to the management console
[2017-03-13 14:46:46,730] [access] [INFO] [dir_2] Warning: The device is configured with the default password.  Please change
[2017-03-13 14:46:46,730] [access] [INFO] [dir_2]          the default password to prevent unauthorized logins.
[2017-03-13 14:46:46,730] [access] [INFO] [dir_2] 
[2017-03-13 14:46:46,731] [access] [INFO] [dir_2] 
[2017-03-13 14:46:46,731] [access] [INFO] [dir_2] 
[2017-03-13 14:46:46,731] [access] [INFO] [dir_2] HA sync stage. Do show high-availability to see HA status.
[2017-03-13 14:46:46,731] [access] [INFO] [dir_2] 
[2017-03-13 14:46:46,732] [access] [INFO] [dir_2] varmour@vArmour#ROOT(PB)> 
[2017-03-13 14:46:46,733] [access] [INFO] [dir_2] 
[2017-03-13 14:46:46,734] [access] [INFO] [dir_2] varmour@vArmour#ROOT(PB)> 
[2017-03-13 14:46:46,734] [feature] [INFO] cli initiated
[2017-03-13 14:46:46,734] [feature] [INFO] request cli terminal-length 0
[2017-03-13 14:46:46,746] [access] [INFO] [dir_2] request cli terminal-length 0
[2017-03-13 14:46:46,746] [access] [INFO] [dir_2] varmour@vArmour#ROOT(PB)> 
[2017-03-13 14:46:46,748] [access] [INFO] [dir_2] 
[2017-03-13 14:46:46,748] [access] [INFO] [dir_2] varmour@vArmour#ROOT(PB)> 
[2017-03-13 14:46:46,751] [access] [INFO] [dir_2] configure
[2017-03-13 14:46:46,751] [access] [INFO] [dir_2] varmour@vArmour#ROOT(config)(PB)> 
[2017-03-13 14:46:46,751] [feature] [INFO] set system inactivity-timeout 250
[2017-03-13 14:46:46,756] [access] [INFO] [dir_2] set system inactivity-timeout 250
[2017-03-13 14:46:46,756] [access] [INFO] [dir_2] Command is not supported on high-availability backup/ineligible device
[2017-03-13 14:46:46,757] [access] [INFO] [dir_2] varmour@vArmour#ROOT(config)(PB)> 
[2017-03-13 14:46:46,759] [access] [INFO] [dir_2] 
[2017-03-13 14:46:46,759] [access] [INFO] [dir_2] varmour@vArmour#ROOT(config)(PB)> 
[2017-03-13 14:46:46,764] [access] [INFO] [dir_2] commit
[2017-03-13 14:46:46,764] [access] [INFO] [dir_2] Nothing to commit!
[2017-03-13 14:46:46,765] [access] [INFO] [dir_2] varmour@vArmour#ROOT(config)(PB)> 
[2017-03-13 14:46:46,765] [feature] [INFO] config commit succeeded
[2017-03-13 14:46:46,767] [access] [INFO] [dir_2] 
[2017-03-13 14:46:46,768] [access] [INFO] [dir_2] varmour@vArmour#ROOT(config)(PB)> 
[2017-03-13 14:46:46,772] [access] [INFO] [dir_2] exit
[2017-03-13 14:46:46,772] [access] [INFO] [dir_2] varmour@vArmour#ROOT(PB)> 
[2017-03-13 14:46:47,113] [access] [INFO] [cp_1] 
[2017-03-13 14:46:47,113] [access] [INFO] [cp_1] Build: 3.1.0-2017-02-09-15-53-38-eng-ep-builtbot
[2017-03-13 14:46:47,114] [access] [INFO] [cp_1] 
[2017-03-13 14:46:47,114] [access] [INFO] [cp_1] Welcome to vArmour!
[2017-03-13 14:46:47,114] [access] [INFO] [cp_1] Last login: Sun Mar 12 23:23:09 2017 from 10.11.123.169
[2017-03-13 14:46:47,114] [access] [INFO] [cp_1] Trying to connect to vArmour Management server ..'console': unknown terminal type.
[2017-03-13 14:46:47,115] [access] [INFO] [cp_1] ### VAOS 3.1.0-2017-02-09-15-53-38-eng-builtbot
[2017-03-13 14:46:47,115] [access] [INFO] [cp_1] 
[2017-03-13 14:46:47,115] [access] [INFO] [cp_1]  Running inside CP cli console
[2017-03-13 14:46:47,115] [access] [INFO] [cp_1] varmour@vArmour#ROOT> 
[2017-03-13 14:46:47,116] [access] [INFO] [cp_1] varmour@vArmour#ROOT> 
[2017-03-13 14:46:47,118] [access] [INFO] [cp_1] 
[2017-03-13 14:46:47,118] [access] [INFO] [cp_1] varmour@vArmour#ROOT> 
[2017-03-13 14:46:47,118] [feature] [INFO] cli initiated
[2017-03-13 14:46:47,396] [access] [INFO] [epi_1] 
[2017-03-13 14:46:47,397] [access] [INFO] [epi_1] Build: 3.1.0-2017-02-09-15-53-38-eng-epi-builtbot
[2017-03-13 14:46:47,397] [access] [INFO] [epi_1] 
[2017-03-13 14:46:47,398] [access] [INFO] [epi_1] Welcome to vArmour!
[2017-03-13 14:46:47,398] [access] [INFO] [epi_1] Trying to connect to vArmour Management server ..'console': unknown terminal type.
[2017-03-13 14:46:47,398] [access] [INFO] [epi_1] ### VAOS 3.1.0-2017-02-09-15-53-38-eng-builtbot
[2017-03-13 14:46:47,399] [access] [INFO] [epi_1] 
[2017-03-13 14:46:47,399] [access] [INFO] [epi_1]  Running inside EPI cli console
[2017-03-13 14:46:47,399] [access] [INFO] [epi_1] varmour@vArmour#ROOT> 
[2017-03-13 14:46:47,399] [access] [INFO] [epi_1] varmour@vArmour#ROOT> 
[2017-03-13 14:46:47,402] [access] [INFO] [epi_1] 
[2017-03-13 14:46:47,402] [access] [INFO] [epi_1] varmour@vArmour#ROOT> 
[2017-03-13 14:46:47,402] [feature] [INFO] cli initiated
[2017-03-13 14:46:47,464] [vautils] [INFO] {'hvisor_1': {'hvobj': <vautils.resource.Esxi object at 0x7fe84b9e1668>, 'vSwitch2': <vautils.resource.network.esxvswitch.EsxVswitch object at 0x7fe84bcb5780>, 'vSwitch1': <vautils.resource.network.esxvswitch.EsxVswitch object at 0x7fe84b492fd0>}}
[2017-03-13 14:46:50,039] [access] [ERROR] login device failure on 1 time since encounter device issue
